<?xml version="1.0" encoding="UTF-8"?>
<robot generator="Robot 4.1.3 (Python 3.7.5 on darwin)" generated="20220218 14:10:31.194" rpa="false" schemaversion="2">
<suite id="s1" name="Robot Interactive Console" source="/Users/janipalsamaki/.vscode/extensions/robocorp.robotframework-lsp-0.40.1/src/robotframework_ls/vendored/robotframework_interactive/robot_interactive_console.robot">
<test id="s1-t1" name="Default Task/Test">
<kw name="Interpreter Main Loop" library="MainLoop">
<kw name="Parse Xml">
<var>${xml}=</var>
<arg>${XML_FILE_PATH}</arg>
<msg timestamp="20220218 14:10:32.089" level="FAIL">No keyword with name 'Parse Xml' found.</msg>
<status status="FAIL" starttime="20220218 14:10:32.089" endtime="20220218 14:10:32.090"/>
</kw>
<kw name="Get Elements">
<var>${robot_elements}=</var>
<arg>${xml}</arg>
<arg>//robot</arg>
<status status="NOT RUN" starttime="20220218 14:10:32.092" endtime="20220218 14:10:32.092"/>
</kw>
<for flavor="IN">
<var>${robot_element}</var>
<value>@{robot_elements}</value>
<iter>
<var name="${robot_element}">${robot_element}</var>
<kw name="Log Element">
<arg>${robot_element}</arg>
<status status="NOT RUN" starttime="20220218 14:10:32.093" endtime="20220218 14:10:32.093"/>
</kw>
<status status="NOT RUN" starttime="20220218 14:10:32.092" endtime="20220218 14:10:32.093"/>
</iter>
<status status="NOT RUN" starttime="20220218 14:10:32.092" endtime="20220218 14:10:32.093"/>
</for>
<status status="PASS" starttime="20220218 14:10:31.231" endtime="20220218 14:10:32.912"/>
</kw>
<status status="PASS" starttime="20220218 14:10:31.231" endtime="20220218 14:10:32.912"/>
</test>
<status status="PASS" starttime="20220218 14:10:31.196" endtime="20220218 14:10:32.913"/>
</suite>
<statistics>
<total>
<stat pass="1" fail="0" skip="0">All Tests</stat>
</total>
<tag>
</tag>
<suite>
<stat pass="1" fail="0" skip="0" id="s1" name="Robot Interactive Console">Robot Interactive Console</stat>
</suite>
</statistics>
<errors>
</errors>
</robot>
